<?xml version="1.0" encoding="UTF-8"?>
<testsuite xmlns:xsi="http://www.w3.org/2001/XMLSchema-instance" xsi:noNamespaceSchemaLocation="https://maven.apache.org/surefire/maven-surefire-plugin/xsd/surefire-test-report.xsd" name="model.OddQHexCoordTests" time="0.001" tests="2" errors="0" skipped="0" failures="0">
  <properties>
[...]
</properties>
  <testcase name="Equals_WithDifferingCoords_ReturnsFalse" classname="model.OddQHexCoordTests" time="0"/>
  <testcase name="Equals_WIthIdenticalCoords_ReturnsTrue" classname="model.OddQHexCoordTests" time="0"/>
</testsuite>